[2024-10-18T16:26:02.082+0000] {manager.py:483} INFO - Processing files using up to 2 processes at a time 
[2024-10-18T16:26:02.084+0000] {manager.py:484} INFO - Process each file at most once every 30 seconds
[2024-10-18T16:26:02.085+0000] {manager.py:485} INFO - Checking for new files in /opt/airflow/dags every 300 seconds
[2024-10-18T16:26:02.087+0000] {manager.py:821} INFO - Searching for files in /opt/airflow/dags
[2024-10-18T16:26:02.088+0000] {manager.py:824} INFO - There are 0 files in /opt/airflow/dags
[2024-10-18T16:47:42.683+0000] {manager.py:821} INFO - Searching for files in /opt/airflow/dags
[2024-10-18T16:47:42.705+0000] {manager.py:824} INFO - There are 0 files in /opt/airflow/dags
[2024-10-18T16:51:10.534+0000] {manager.py:465} INFO - Exiting gracefully upon receiving signal 15
[2024-10-18T16:55:10.128+0000] {manager.py:483} INFO - Processing files using up to 2 processes at a time 
[2024-10-18T16:55:10.130+0000] {manager.py:484} INFO - Process each file at most once every 30 seconds
[2024-10-18T16:55:10.135+0000] {manager.py:485} INFO - Checking for new files in /opt/airflow/dags every 300 seconds
[2024-10-18T16:55:10.137+0000] {manager.py:821} INFO - Searching for files in /opt/airflow/dags
[2024-10-18T16:55:10.140+0000] {manager.py:824} INFO - There are 0 files in /opt/airflow/dags
[2024-10-18T16:58:10.301+0000] {manager.py:465} INFO - Exiting gracefully upon receiving signal 15
[2024-10-18T16:59:13.059+0000] {manager.py:483} INFO - Processing files using up to 2 processes at a time 
[2024-10-18T16:59:13.062+0000] {manager.py:484} INFO - Process each file at most once every 30 seconds
[2024-10-18T16:59:13.064+0000] {manager.py:485} INFO - Checking for new files in /opt/airflow/dags every 300 seconds
[2024-10-18T16:59:13.065+0000] {manager.py:821} INFO - Searching for files in /opt/airflow/dags
[2024-10-18T16:59:13.066+0000] {manager.py:824} INFO - There are 0 files in /opt/airflow/dags
[2024-10-18T17:06:18.790+0000] {manager.py:821} INFO - Searching for files in /opt/airflow/dags
[2024-10-18T17:06:18.819+0000] {manager.py:824} INFO - There are 0 files in /opt/airflow/dags
[2024-10-18T17:11:19.482+0000] {manager.py:821} INFO - Searching for files in /opt/airflow/dags
[2024-10-18T17:11:19.501+0000] {manager.py:824} INFO - There are 0 files in /opt/airflow/dags
[2024-10-18T17:16:22.925+0000] {manager.py:821} INFO - Searching for files in /opt/airflow/dags
[2024-10-18T17:16:22.932+0000] {manager.py:824} INFO - There are 0 files in /opt/airflow/dags
[2024-10-18T17:23:42.525+0000] {manager.py:821} INFO - Searching for files in /opt/airflow/dags
[2024-10-18T17:23:42.536+0000] {manager.py:824} INFO - There are 0 files in /opt/airflow/dags
[2024-10-18T17:28:42.822+0000] {manager.py:821} INFO - Searching for files in /opt/airflow/dags
[2024-10-18T17:28:42.832+0000] {manager.py:824} INFO - There are 0 files in /opt/airflow/dags
[2024-10-18T17:33:43.218+0000] {manager.py:821} INFO - Searching for files in /opt/airflow/dags
[2024-10-18T17:33:43.226+0000] {manager.py:824} INFO - There are 0 files in /opt/airflow/dags
[2024-10-18T17:38:43.747+0000] {manager.py:821} INFO - Searching for files in /opt/airflow/dags
[2024-10-18T17:38:43.764+0000] {manager.py:824} INFO - There are 0 files in /opt/airflow/dags
[2024-10-18T17:43:44.310+0000] {manager.py:821} INFO - Searching for files in /opt/airflow/dags
[2024-10-18T17:43:44.328+0000] {manager.py:824} INFO - There are 0 files in /opt/airflow/dags
[2024-10-18T17:48:44.989+0000] {manager.py:821} INFO - Searching for files in /opt/airflow/dags
[2024-10-18T17:48:45.004+0000] {manager.py:824} INFO - There are 0 files in /opt/airflow/dags
[2024-10-18T17:53:45.652+0000] {manager.py:821} INFO - Searching for files in /opt/airflow/dags
[2024-10-18T17:53:45.668+0000] {manager.py:824} INFO - There are 0 files in /opt/airflow/dags
[2024-10-18T17:58:45.736+0000] {manager.py:821} INFO - Searching for files in /opt/airflow/dags
[2024-10-18T17:58:45.751+0000] {manager.py:824} INFO - There are 0 files in /opt/airflow/dags
[2024-10-18T18:03:45.769+0000] {manager.py:821} INFO - Searching for files in /opt/airflow/dags
[2024-10-18T18:03:45.795+0000] {manager.py:824} INFO - There are 0 files in /opt/airflow/dags
[2024-10-18T18:08:46.628+0000] {manager.py:821} INFO - Searching for files in /opt/airflow/dags
[2024-10-18T18:08:46.644+0000] {manager.py:824} INFO - There are 0 files in /opt/airflow/dags
[2024-10-18T18:13:47.469+0000] {manager.py:821} INFO - Searching for files in /opt/airflow/dags
[2024-10-18T18:13:47.485+0000] {manager.py:824} INFO - There are 0 files in /opt/airflow/dags
[2024-10-18T18:18:47.839+0000] {manager.py:821} INFO - Searching for files in /opt/airflow/dags
[2024-10-18T18:18:47.869+0000] {manager.py:824} INFO - There are 0 files in /opt/airflow/dags
[2024-10-18T18:23:47.911+0000] {manager.py:821} INFO - Searching for files in /opt/airflow/dags
[2024-10-18T18:23:47.930+0000] {manager.py:824} INFO - There are 0 files in /opt/airflow/dags
[2024-10-18T18:28:48.632+0000] {manager.py:821} INFO - Searching for files in /opt/airflow/dags
[2024-10-18T18:28:48.647+0000] {manager.py:824} INFO - There are 0 files in /opt/airflow/dags
[2024-10-18T18:33:49.553+0000] {manager.py:821} INFO - Searching for files in /opt/airflow/dags
[2024-10-18T18:33:49.588+0000] {manager.py:824} INFO - There are 0 files in /opt/airflow/dags
[2024-10-18T18:38:50.065+0000] {manager.py:821} INFO - Searching for files in /opt/airflow/dags
[2024-10-18T18:38:50.091+0000] {manager.py:824} INFO - There are 0 files in /opt/airflow/dags
[2024-10-18T18:43:50.719+0000] {manager.py:821} INFO - Searching for files in /opt/airflow/dags
[2024-10-18T18:43:50.729+0000] {manager.py:824} INFO - There are 0 files in /opt/airflow/dags
[2024-10-18T18:48:51.629+0000] {manager.py:821} INFO - Searching for files in /opt/airflow/dags
[2024-10-18T18:48:51.666+0000] {manager.py:824} INFO - There are 0 files in /opt/airflow/dags
[2024-10-18T18:53:52.559+0000] {manager.py:821} INFO - Searching for files in /opt/airflow/dags
[2024-10-18T18:53:52.614+0000] {manager.py:824} INFO - There are 0 files in /opt/airflow/dags
[2024-10-18T18:58:52.687+0000] {manager.py:821} INFO - Searching for files in /opt/airflow/dags
[2024-10-18T18:58:52.705+0000] {manager.py:824} INFO - There are 0 files in /opt/airflow/dags
[2024-10-18T19:03:52.821+0000] {manager.py:821} INFO - Searching for files in /opt/airflow/dags
[2024-10-18T19:03:52.834+0000] {manager.py:824} INFO - There are 0 files in /opt/airflow/dags
[2024-10-18T19:08:53.732+0000] {manager.py:821} INFO - Searching for files in /opt/airflow/dags
[2024-10-18T19:08:53.758+0000] {manager.py:824} INFO - There are 0 files in /opt/airflow/dags
[2024-10-18T19:13:53.805+0000] {manager.py:821} INFO - Searching for files in /opt/airflow/dags
[2024-10-18T19:13:53.827+0000] {manager.py:824} INFO - There are 0 files in /opt/airflow/dags
[2024-10-18T19:18:54.502+0000] {manager.py:821} INFO - Searching for files in /opt/airflow/dags
[2024-10-18T19:18:54.527+0000] {manager.py:824} INFO - There are 0 files in /opt/airflow/dags
[2024-10-18T19:23:54.559+0000] {manager.py:821} INFO - Searching for files in /opt/airflow/dags
[2024-10-18T19:23:54.570+0000] {manager.py:824} INFO - There are 0 files in /opt/airflow/dags
[2024-10-18T19:28:55.314+0000] {manager.py:821} INFO - Searching for files in /opt/airflow/dags
[2024-10-18T19:28:55.336+0000] {manager.py:824} INFO - There are 0 files in /opt/airflow/dags
[2024-10-18T19:29:17.130+0000] {manager.py:465} INFO - Exiting gracefully upon receiving signal 15
[2024-10-18T19:33:58.205+0000] {manager.py:483} INFO - Processing files using up to 2 processes at a time 
[2024-10-18T19:33:58.207+0000] {manager.py:484} INFO - Process each file at most once every 30 seconds
[2024-10-18T19:33:58.211+0000] {manager.py:485} INFO - Checking for new files in /opt/airflow/dags every 300 seconds
[2024-10-18T19:33:58.213+0000] {manager.py:821} INFO - Searching for files in /opt/airflow/dags
[2024-10-18T19:33:58.216+0000] {manager.py:824} INFO - There are 0 files in /opt/airflow/dags
[2024-10-18T19:37:30.610+0000] {manager.py:465} INFO - Exiting gracefully upon receiving signal 15
[2024-10-18T19:39:11.005+0000] {manager.py:483} INFO - Processing files using up to 2 processes at a time 
[2024-10-18T19:39:11.007+0000] {manager.py:484} INFO - Process each file at most once every 30 seconds
[2024-10-18T19:39:11.011+0000] {manager.py:485} INFO - Checking for new files in /opt/airflow/dags every 300 seconds
[2024-10-18T19:39:11.012+0000] {manager.py:821} INFO - Searching for files in /opt/airflow/dags
[2024-10-18T19:39:11.014+0000] {manager.py:824} INFO - There are 0 files in /opt/airflow/dags
[2024-10-18T19:42:09.275+0000] {manager.py:465} INFO - Exiting gracefully upon receiving signal 15
[2024-10-18T19:43:25.717+0000] {manager.py:483} INFO - Processing files using up to 2 processes at a time 
[2024-10-18T19:43:25.719+0000] {manager.py:484} INFO - Process each file at most once every 30 seconds
[2024-10-18T19:43:25.721+0000] {manager.py:485} INFO - Checking for new files in /opt/airflow/dags every 300 seconds
[2024-10-18T19:43:25.723+0000] {manager.py:821} INFO - Searching for files in /opt/airflow/dags
[2024-10-18T19:43:25.725+0000] {manager.py:824} INFO - There are 0 files in /opt/airflow/dags
[2024-10-18T19:48:26.573+0000] {manager.py:821} INFO - Searching for files in /opt/airflow/dags
[2024-10-18T19:48:26.624+0000] {manager.py:824} INFO - There are 0 files in /opt/airflow/dags
[2024-10-18T19:50:44.530+0000] {manager.py:465} INFO - Exiting gracefully upon receiving signal 15
[2024-10-18T20:07:05.297+0000] {manager.py:487} INFO - Processing files using up to 2 processes at a time 
[2024-10-18T20:07:05.298+0000] {manager.py:488} INFO - Process each file at most once every 30 seconds
[2024-10-18T20:07:05.300+0000] {manager.py:489} INFO - Checking for new files in /opt/airflow/dags every 300 seconds
[2024-10-18T20:07:05.301+0000] {manager.py:759} INFO - Searching for files in /opt/airflow/dags
[2024-10-18T20:07:05.304+0000] {manager.py:762} INFO - There are 0 files in /opt/airflow/dags
[2024-10-18T20:12:05.354+0000] {manager.py:759} INFO - Searching for files in /opt/airflow/dags
[2024-10-18T20:12:05.370+0000] {manager.py:762} INFO - There are 0 files in /opt/airflow/dags
[2024-10-18T20:17:06.082+0000] {manager.py:759} INFO - Searching for files in /opt/airflow/dags
[2024-10-18T20:17:06.145+0000] {manager.py:762} INFO - There are 0 files in /opt/airflow/dags
[2024-10-18T20:17:35.350+0000] {manager.py:469} INFO - Exiting gracefully upon receiving signal 15
[2024-10-18T20:19:17.944+0000] {manager.py:470} INFO - Processing files using up to 2 processes at a time 
[2024-10-18T20:19:17.948+0000] {manager.py:471} INFO - Process each file at most once every 30 seconds
[2024-10-18T20:19:17.950+0000] {manager.py:472} INFO - Checking for new files in /opt/airflow/dags every 300 seconds
[2024-10-18T20:19:17.951+0000] {manager.py:737} INFO - Searching for files in /opt/airflow/dags
[2024-10-18T20:19:17.953+0000] {manager.py:740} INFO - There are 0 files in /opt/airflow/dags
[2024-10-18T20:21:38.919+0000] {manager.py:452} INFO - Exiting gracefully upon receiving signal 15
[2024-10-18T20:22:18.352+0000] {manager.py:470} INFO - Processing files using up to 2 processes at a time 
[2024-10-18T20:22:18.354+0000] {manager.py:471} INFO - Process each file at most once every 30 seconds
[2024-10-18T20:22:18.355+0000] {manager.py:472} INFO - Checking for new files in /opt/airflow/dags every 300 seconds
[2024-10-18T20:22:18.357+0000] {manager.py:737} INFO - Searching for files in /opt/airflow/dags
[2024-10-18T20:22:18.359+0000] {manager.py:740} INFO - There are 0 files in /opt/airflow/dags
[2024-10-18T20:27:19.179+0000] {manager.py:737} INFO - Searching for files in /opt/airflow/dags
[2024-10-18T20:27:19.209+0000] {manager.py:740} INFO - There are 0 files in /opt/airflow/dags
[2024-10-18T20:28:14.302+0000] {manager.py:452} INFO - Exiting gracefully upon receiving signal 15
[2024-10-18T20:30:32.207+0000] {manager.py:470} INFO - Processing files using up to 2 processes at a time 
[2024-10-18T20:30:32.209+0000] {manager.py:471} INFO - Process each file at most once every 30 seconds
[2024-10-18T20:30:32.211+0000] {manager.py:472} INFO - Checking for new files in /opt/airflow/dags every 300 seconds
[2024-10-18T20:30:32.213+0000] {manager.py:737} INFO - Searching for files in /opt/airflow/dags
[2024-10-18T20:30:32.217+0000] {manager.py:740} INFO - There are 0 files in /opt/airflow/dags
[2024-10-18T20:35:32.984+0000] {manager.py:737} INFO - Searching for files in /opt/airflow/dags
[2024-10-18T20:35:33.042+0000] {manager.py:740} INFO - There are 0 files in /opt/airflow/dags
[2024-10-18T20:40:33.063+0000] {manager.py:737} INFO - Searching for files in /opt/airflow/dags
[2024-10-18T20:40:33.114+0000] {manager.py:740} INFO - There are 0 files in /opt/airflow/dags
[2024-10-18T20:40:41.967+0000] {manager.py:452} INFO - Exiting gracefully upon receiving signal 15
[2024-10-18T20:52:45.053+0000] {manager.py:470} INFO - Processing files using up to 2 processes at a time 
[2024-10-18T20:52:45.055+0000] {manager.py:471} INFO - Process each file at most once every 30 seconds
[2024-10-18T20:52:45.057+0000] {manager.py:472} INFO - Checking for new files in /opt/airflow/dags every 300 seconds
[2024-10-18T20:52:45.059+0000] {manager.py:737} INFO - Searching for files in /opt/airflow/dags
[2024-10-18T20:52:45.061+0000] {manager.py:740} INFO - There are 0 files in /opt/airflow/dags
[2024-10-18T20:57:45.832+0000] {manager.py:737} INFO - Searching for files in /opt/airflow/dags
[2024-10-18T20:57:45.890+0000] {manager.py:740} INFO - There are 0 files in /opt/airflow/dags
[2024-10-18T21:02:20.816+0000] {manager.py:452} INFO - Exiting gracefully upon receiving signal 15
[2024-10-18T21:08:32.309+0000] {manager.py:469} INFO - Processing files using up to 2 processes at a time 
[2024-10-18T21:08:32.310+0000] {manager.py:470} INFO - Process each file at most once every 30 seconds
[2024-10-18T21:08:32.314+0000] {manager.py:471} INFO - Checking for new files in /opt/airflow/dags every 300 seconds
[2024-10-18T21:08:32.317+0000] {manager.py:738} INFO - Searching for files in /opt/airflow/dags
[2024-10-18T21:08:32.318+0000] {manager.py:741} INFO - There are 0 files in /opt/airflow/dags
[2024-10-18T21:13:32.856+0000] {manager.py:738} INFO - Searching for files in /opt/airflow/dags
[2024-10-18T21:13:32.893+0000] {manager.py:741} INFO - There are 0 files in /opt/airflow/dags
[2024-10-18T21:17:35.044+0000] {manager.py:451} INFO - Exiting gracefully upon receiving signal 15
[2024-10-18T21:18:29.996+0000] {manager.py:469} INFO - Processing files using up to 2 processes at a time 
[2024-10-18T21:18:29.997+0000] {manager.py:470} INFO - Process each file at most once every 30 seconds
[2024-10-18T21:18:30.000+0000] {manager.py:471} INFO - Checking for new files in /opt/airflow/dags every 300 seconds
[2024-10-18T21:18:30.001+0000] {manager.py:738} INFO - Searching for files in /opt/airflow/dags
[2024-10-18T21:18:30.004+0000] {manager.py:741} INFO - There are 0 files in /opt/airflow/dags
[2024-10-18T21:23:30.416+0000] {manager.py:738} INFO - Searching for files in /opt/airflow/dags
[2024-10-18T21:23:30.448+0000] {manager.py:741} INFO - There are 0 files in /opt/airflow/dags
[2024-10-18T21:28:30.660+0000] {manager.py:738} INFO - Searching for files in /opt/airflow/dags
[2024-10-18T21:28:30.696+0000] {manager.py:741} INFO - There are 0 files in /opt/airflow/dags
[2024-10-18T21:33:31.096+0000] {manager.py:738} INFO - Searching for files in /opt/airflow/dags
[2024-10-18T21:33:31.117+0000] {manager.py:741} INFO - There are 0 files in /opt/airflow/dags
[2024-10-18T21:34:43.193+0000] {manager.py:451} INFO - Exiting gracefully upon receiving signal 15
[2024-10-18T21:35:17.695+0000] {manager.py:469} INFO - Processing files using up to 2 processes at a time 
[2024-10-18T21:35:17.696+0000] {manager.py:470} INFO - Process each file at most once every 30 seconds
[2024-10-18T21:35:17.699+0000] {manager.py:471} INFO - Checking for new files in /opt/airflow/dags every 300 seconds
[2024-10-18T21:35:17.704+0000] {manager.py:738} INFO - Searching for files in /opt/airflow/dags
[2024-10-18T21:35:17.706+0000] {manager.py:741} INFO - There are 0 files in /opt/airflow/dags
[2024-10-18T21:37:43.104+0000] {manager.py:451} INFO - Exiting gracefully upon receiving signal 15
[2024-10-18T21:40:12.522+0000] {manager.py:470} INFO - Processing files using up to 2 processes at a time 
[2024-10-18T21:40:12.524+0000] {manager.py:471} INFO - Process each file at most once every 30 seconds
[2024-10-18T21:40:12.525+0000] {manager.py:472} INFO - Checking for new files in /opt/airflow/dags every 300 seconds
[2024-10-18T21:40:12.527+0000] {manager.py:737} INFO - Searching for files in /opt/airflow/dags
[2024-10-18T21:40:12.531+0000] {manager.py:740} INFO - There are 0 files in /opt/airflow/dags
[2024-10-18T21:42:39.854+0000] {manager.py:452} INFO - Exiting gracefully upon receiving signal 15
[2024-10-18T21:45:05.083+0000] {manager.py:470} INFO - Processing files using up to 2 processes at a time 
[2024-10-18T21:45:05.085+0000] {manager.py:471} INFO - Process each file at most once every 30 seconds
[2024-10-18T21:45:05.087+0000] {manager.py:472} INFO - Checking for new files in /opt/airflow/dags every 300 seconds
[2024-10-18T21:45:05.089+0000] {manager.py:737} INFO - Searching for files in /opt/airflow/dags
[2024-10-18T21:45:05.092+0000] {manager.py:740} INFO - There are 0 files in /opt/airflow/dags
[2024-10-18T21:50:05.432+0000] {manager.py:737} INFO - Searching for files in /opt/airflow/dags
[2024-10-18T21:50:05.456+0000] {manager.py:740} INFO - There are 0 files in /opt/airflow/dags
[2024-10-18T21:52:33.513+0000] {manager.py:452} INFO - Exiting gracefully upon receiving signal 15
[2024-10-18T22:00:18.658+0000] {manager.py:470} INFO - Processing files using up to 2 processes at a time 
[2024-10-18T22:00:18.662+0000] {manager.py:471} INFO - Process each file at most once every 30 seconds
[2024-10-18T22:00:18.665+0000] {manager.py:472} INFO - Checking for new files in /opt/airflow/dags every 300 seconds
[2024-10-18T22:00:18.666+0000] {manager.py:737} INFO - Searching for files in /opt/airflow/dags
[2024-10-18T22:00:18.669+0000] {manager.py:740} INFO - There are 0 files in /opt/airflow/dags
[2024-10-18T22:05:19.049+0000] {manager.py:737} INFO - Searching for files in /opt/airflow/dags
[2024-10-18T22:05:19.078+0000] {manager.py:740} INFO - There are 0 files in /opt/airflow/dags
[2024-10-18T22:10:19.644+0000] {manager.py:737} INFO - Searching for files in /opt/airflow/dags
[2024-10-18T22:10:19.672+0000] {manager.py:740} INFO - There are 0 files in /opt/airflow/dags
[2024-10-18T22:15:20.227+0000] {manager.py:737} INFO - Searching for files in /opt/airflow/dags
[2024-10-18T22:15:20.245+0000] {manager.py:740} INFO - There are 0 files in /opt/airflow/dags
[2024-10-18T22:34:32.449+0000] {manager.py:737} INFO - Searching for files in /opt/airflow/dags
[2024-10-18T22:34:32.466+0000] {manager.py:740} INFO - There are 0 files in /opt/airflow/dags
[2024-10-18T22:44:41.740+0000] {manager.py:737} INFO - Searching for files in /opt/airflow/dags
[2024-10-18T22:44:41.857+0000] {manager.py:740} INFO - There are 0 files in /opt/airflow/dags
[2024-10-18T22:49:41.775+0000] {manager.py:737} INFO - Searching for files in /opt/airflow/dags
[2024-10-18T22:49:41.796+0000] {manager.py:740} INFO - There are 0 files in /opt/airflow/dags
[2024-10-18T23:07:33.545+0000] {manager.py:737} INFO - Searching for files in /opt/airflow/dags
[2024-10-18T23:07:33.554+0000] {manager.py:740} INFO - There are 0 files in /opt/airflow/dags
[2024-10-18T23:25:15.955+0000] {manager.py:737} INFO - Searching for files in /opt/airflow/dags
[2024-10-18T23:25:16.005+0000] {manager.py:740} INFO - There are 0 files in /opt/airflow/dags
[2024-10-19T00:16:37.381+0000] {manager.py:737} INFO - Searching for files in /opt/airflow/dags
[2024-10-19T00:16:37.393+0000] {manager.py:740} INFO - There are 0 files in /opt/airflow/dags
[2024-10-19T00:52:31.464+0000] {manager.py:737} INFO - Searching for files in /opt/airflow/dags
[2024-10-19T00:52:31.474+0000] {manager.py:740} INFO - There are 0 files in /opt/airflow/dags
[2024-10-19T01:26:39.280+0000] {manager.py:737} INFO - Searching for files in /opt/airflow/dags
[2024-10-19T01:26:39.289+0000] {manager.py:740} INFO - There are 0 files in /opt/airflow/dags
[2024-10-19T02:32:44.785+0000] {manager.py:737} INFO - Searching for files in /opt/airflow/dags
[2024-10-19T02:32:44.794+0000] {manager.py:740} INFO - There are 0 files in /opt/airflow/dags
[2024-10-19T02:49:35.543+0000] {manager.py:737} INFO - Searching for files in /opt/airflow/dags
[2024-10-19T02:49:35.555+0000] {manager.py:740} INFO - There are 0 files in /opt/airflow/dags
[2024-10-19T03:40:02.769+0000] {manager.py:737} INFO - Searching for files in /opt/airflow/dags
[2024-10-19T03:40:02.779+0000] {manager.py:740} INFO - There are 0 files in /opt/airflow/dags
[2024-10-19T03:53:21.576+0000] {manager.py:737} INFO - Searching for files in /opt/airflow/dags
[2024-10-19T03:53:21.586+0000] {manager.py:740} INFO - There are 0 files in /opt/airflow/dags
[2024-10-19T03:58:22.054+0000] {manager.py:737} INFO - Searching for files in /opt/airflow/dags
[2024-10-19T03:58:22.096+0000] {manager.py:740} INFO - There are 0 files in /opt/airflow/dags
[2024-10-19T04:01:48.023+0000] {manager.py:452} INFO - Exiting gracefully upon receiving signal 15
[2024-10-19T14:10:10.587+0000] {manager.py:470} INFO - Processing files using up to 2 processes at a time 
[2024-10-19T14:10:10.593+0000] {manager.py:471} INFO - Process each file at most once every 30 seconds
[2024-10-19T14:10:10.597+0000] {manager.py:472} INFO - Checking for new files in /opt/airflow/dags every 300 seconds
[2024-10-19T14:10:10.599+0000] {manager.py:737} INFO - Searching for files in /opt/airflow/dags
[2024-10-19T14:10:10.605+0000] {manager.py:740} INFO - There are 0 files in /opt/airflow/dags
[2024-10-19T14:15:11.314+0000] {manager.py:737} INFO - Searching for files in /opt/airflow/dags
[2024-10-19T14:15:11.331+0000] {manager.py:740} INFO - There are 0 files in /opt/airflow/dags
[2024-10-19T14:20:12.208+0000] {manager.py:737} INFO - Searching for files in /opt/airflow/dags
[2024-10-19T14:20:12.220+0000] {manager.py:740} INFO - There are 0 files in /opt/airflow/dags
[2024-10-19T14:25:12.288+0000] {manager.py:737} INFO - Searching for files in /opt/airflow/dags
[2024-10-19T14:25:12.298+0000] {manager.py:740} INFO - There are 0 files in /opt/airflow/dags
[2024-10-19T14:30:12.797+0000] {manager.py:737} INFO - Searching for files in /opt/airflow/dags
[2024-10-19T14:30:12.827+0000] {manager.py:740} INFO - There are 0 files in /opt/airflow/dags
[2024-10-19T14:35:12.850+0000] {manager.py:737} INFO - Searching for files in /opt/airflow/dags
[2024-10-19T14:35:12.862+0000] {manager.py:740} INFO - There are 0 files in /opt/airflow/dags
[2024-10-19T14:40:13.289+0000] {manager.py:737} INFO - Searching for files in /opt/airflow/dags
[2024-10-19T14:40:13.299+0000] {manager.py:740} INFO - There are 0 files in /opt/airflow/dags
[2024-10-19T14:45:13.814+0000] {manager.py:737} INFO - Searching for files in /opt/airflow/dags
[2024-10-19T14:45:13.821+0000] {manager.py:740} INFO - There are 0 files in /opt/airflow/dags
[2024-10-19T14:50:14.673+0000] {manager.py:737} INFO - Searching for files in /opt/airflow/dags
[2024-10-19T14:50:14.682+0000] {manager.py:740} INFO - There are 0 files in /opt/airflow/dags
[2024-10-19T14:55:15.311+0000] {manager.py:737} INFO - Searching for files in /opt/airflow/dags
[2024-10-19T14:55:15.319+0000] {manager.py:740} INFO - There are 0 files in /opt/airflow/dags
[2024-10-19T15:00:15.751+0000] {manager.py:737} INFO - Searching for files in /opt/airflow/dags
[2024-10-19T15:00:15.823+0000] {manager.py:740} INFO - There are 0 files in /opt/airflow/dags
[2024-10-19T15:05:15.869+0000] {manager.py:737} INFO - Searching for files in /opt/airflow/dags
[2024-10-19T15:05:15.882+0000] {manager.py:740} INFO - There are 0 files in /opt/airflow/dags
[2024-10-19T15:10:16.209+0000] {manager.py:737} INFO - Searching for files in /opt/airflow/dags
[2024-10-19T15:10:16.217+0000] {manager.py:740} INFO - There are 0 files in /opt/airflow/dags
[2024-10-19T15:15:16.861+0000] {manager.py:737} INFO - Searching for files in /opt/airflow/dags
[2024-10-19T15:15:16.869+0000] {manager.py:740} INFO - There are 0 files in /opt/airflow/dags
[2024-10-19T15:20:17.770+0000] {manager.py:737} INFO - Searching for files in /opt/airflow/dags
[2024-10-19T15:20:17.781+0000] {manager.py:740} INFO - There are 0 files in /opt/airflow/dags
[2024-10-19T15:25:18.340+0000] {manager.py:737} INFO - Searching for files in /opt/airflow/dags
[2024-10-19T15:25:18.347+0000] {manager.py:740} INFO - There are 0 files in /opt/airflow/dags
[2024-10-19T15:30:18.448+0000] {manager.py:737} INFO - Searching for files in /opt/airflow/dags
[2024-10-19T15:30:18.487+0000] {manager.py:740} INFO - There are 0 files in /opt/airflow/dags
[2024-10-19T15:35:18.872+0000] {manager.py:737} INFO - Searching for files in /opt/airflow/dags
[2024-10-19T15:35:18.890+0000] {manager.py:740} INFO - There are 0 files in /opt/airflow/dags
[2024-10-19T15:40:19.694+0000] {manager.py:737} INFO - Searching for files in /opt/airflow/dags
[2024-10-19T15:40:19.727+0000] {manager.py:740} INFO - There are 0 files in /opt/airflow/dags
[2024-10-19T15:45:19.929+0000] {manager.py:737} INFO - Searching for files in /opt/airflow/dags
[2024-10-19T15:45:19.938+0000] {manager.py:740} INFO - There are 0 files in /opt/airflow/dags
[2024-10-19T15:50:20.252+0000] {manager.py:737} INFO - Searching for files in /opt/airflow/dags
[2024-10-19T15:50:20.261+0000] {manager.py:740} INFO - There are 0 files in /opt/airflow/dags
[2024-10-19T15:55:20.929+0000] {manager.py:737} INFO - Searching for files in /opt/airflow/dags
[2024-10-19T15:55:20.938+0000] {manager.py:740} INFO - There are 0 files in /opt/airflow/dags
[2024-10-19T16:00:21.526+0000] {manager.py:737} INFO - Searching for files in /opt/airflow/dags
[2024-10-19T16:00:21.542+0000] {manager.py:740} INFO - There are 0 files in /opt/airflow/dags
[2024-10-19T16:05:22.332+0000] {manager.py:737} INFO - Searching for files in /opt/airflow/dags
[2024-10-19T16:05:22.345+0000] {manager.py:740} INFO - There are 0 files in /opt/airflow/dags
[2024-10-19T16:10:15.795+0000] {manager.py:452} INFO - Exiting gracefully upon receiving signal 15
[2024-10-20T18:12:46.099+0000] {manager.py:470} INFO - Processing files using up to 2 processes at a time 
[2024-10-20T18:12:46.101+0000] {manager.py:471} INFO - Process each file at most once every 30 seconds
[2024-10-20T18:12:46.104+0000] {manager.py:472} INFO - Checking for new files in /opt/airflow/dags every 300 seconds
[2024-10-20T18:12:46.106+0000] {manager.py:737} INFO - Searching for files in /opt/airflow/dags
[2024-10-20T18:12:46.109+0000] {manager.py:740} INFO - There are 0 files in /opt/airflow/dags
[2024-10-20T18:17:46.610+0000] {manager.py:737} INFO - Searching for files in /opt/airflow/dags
[2024-10-20T18:17:46.637+0000] {manager.py:740} INFO - There are 0 files in /opt/airflow/dags
[2024-10-20T18:21:04.924+0000] {manager.py:452} INFO - Exiting gracefully upon receiving signal 15
[2024-10-20T18:24:48.457+0000] {manager.py:470} INFO - Processing files using up to 2 processes at a time 
[2024-10-20T18:24:48.459+0000] {manager.py:471} INFO - Process each file at most once every 30 seconds
[2024-10-20T18:24:48.461+0000] {manager.py:472} INFO - Checking for new files in /opt/airflow/dags every 300 seconds
[2024-10-20T18:24:48.462+0000] {manager.py:737} INFO - Searching for files in /opt/airflow/dags
[2024-10-20T18:24:48.467+0000] {manager.py:740} INFO - There are 0 files in /opt/airflow/dags
[2024-10-20T18:29:48.960+0000] {manager.py:737} INFO - Searching for files in /opt/airflow/dags
[2024-10-20T18:29:48.983+0000] {manager.py:740} INFO - There are 0 files in /opt/airflow/dags
[2024-10-20T18:34:49.505+0000] {manager.py:737} INFO - Searching for files in /opt/airflow/dags
[2024-10-20T18:34:49.521+0000] {manager.py:740} INFO - There are 0 files in /opt/airflow/dags
[2024-10-20T18:39:50.013+0000] {manager.py:737} INFO - Searching for files in /opt/airflow/dags
[2024-10-20T18:39:50.031+0000] {manager.py:740} INFO - There are 0 files in /opt/airflow/dags
[2024-10-20T18:44:50.680+0000] {manager.py:737} INFO - Searching for files in /opt/airflow/dags
[2024-10-20T18:44:50.763+0000] {manager.py:740} INFO - There are 0 files in /opt/airflow/dags
[2024-10-20T18:49:51.440+0000] {manager.py:737} INFO - Searching for files in /opt/airflow/dags
[2024-10-20T18:49:51.459+0000] {manager.py:740} INFO - There are 0 files in /opt/airflow/dags
[2024-10-20T19:08:15.241+0000] {manager.py:737} INFO - Searching for files in /opt/airflow/dags
[2024-10-20T19:08:15.252+0000] {manager.py:740} INFO - There are 0 files in /opt/airflow/dags
[2024-10-20T19:13:15.295+0000] {manager.py:737} INFO - Searching for files in /opt/airflow/dags
[2024-10-20T19:13:15.315+0000] {manager.py:740} INFO - There are 0 files in /opt/airflow/dags
[2024-10-20T19:18:16.257+0000] {manager.py:737} INFO - Searching for files in /opt/airflow/dags
[2024-10-20T19:18:16.292+0000] {manager.py:740} INFO - There are 0 files in /opt/airflow/dags
[2024-10-20T19:23:16.971+0000] {manager.py:737} INFO - Searching for files in /opt/airflow/dags
[2024-10-20T19:23:16.989+0000] {manager.py:740} INFO - There are 0 files in /opt/airflow/dags
[2024-10-20T19:28:17.293+0000] {manager.py:737} INFO - Searching for files in /opt/airflow/dags
[2024-10-20T19:28:17.307+0000] {manager.py:740} INFO - There are 0 files in /opt/airflow/dags
[2024-10-20T19:33:17.655+0000] {manager.py:737} INFO - Searching for files in /opt/airflow/dags
[2024-10-20T19:33:17.674+0000] {manager.py:740} INFO - There are 0 files in /opt/airflow/dags
[2024-10-20T19:38:18.010+0000] {manager.py:737} INFO - Searching for files in /opt/airflow/dags
[2024-10-20T19:38:18.024+0000] {manager.py:740} INFO - There are 0 files in /opt/airflow/dags
[2024-10-20T19:43:18.591+0000] {manager.py:737} INFO - Searching for files in /opt/airflow/dags
[2024-10-20T19:43:18.616+0000] {manager.py:740} INFO - There are 0 files in /opt/airflow/dags
[2024-10-20T19:48:18.672+0000] {manager.py:737} INFO - Searching for files in /opt/airflow/dags
[2024-10-20T19:48:18.712+0000] {manager.py:740} INFO - There are 0 files in /opt/airflow/dags
[2024-10-20T19:53:19.667+0000] {manager.py:737} INFO - Searching for files in /opt/airflow/dags
[2024-10-20T19:53:19.698+0000] {manager.py:740} INFO - There are 0 files in /opt/airflow/dags
[2024-10-20T19:58:20.021+0000] {manager.py:737} INFO - Searching for files in /opt/airflow/dags
[2024-10-20T19:58:20.039+0000] {manager.py:740} INFO - There are 0 files in /opt/airflow/dags
[2024-10-20T20:03:20.605+0000] {manager.py:737} INFO - Searching for files in /opt/airflow/dags
[2024-10-20T20:03:20.627+0000] {manager.py:740} INFO - There are 0 files in /opt/airflow/dags
[2024-10-20T20:08:21.452+0000] {manager.py:737} INFO - Searching for files in /opt/airflow/dags
[2024-10-20T20:08:21.466+0000] {manager.py:740} INFO - There are 0 files in /opt/airflow/dags
[2024-10-20T20:13:21.642+0000] {manager.py:737} INFO - Searching for files in /opt/airflow/dags
[2024-10-20T20:13:21.659+0000] {manager.py:740} INFO - There are 0 files in /opt/airflow/dags
[2024-10-20T20:18:22.234+0000] {manager.py:737} INFO - Searching for files in /opt/airflow/dags
[2024-10-20T20:18:22.254+0000] {manager.py:740} INFO - There are 0 files in /opt/airflow/dags
[2024-10-20T20:23:22.769+0000] {manager.py:737} INFO - Searching for files in /opt/airflow/dags
[2024-10-20T20:23:22.799+0000] {manager.py:740} INFO - There are 0 files in /opt/airflow/dags
[2024-10-20T20:28:23.381+0000] {manager.py:737} INFO - Searching for files in /opt/airflow/dags
[2024-10-20T20:28:23.395+0000] {manager.py:740} INFO - There are 0 files in /opt/airflow/dags
[2024-10-20T20:33:24.092+0000] {manager.py:737} INFO - Searching for files in /opt/airflow/dags
[2024-10-20T20:33:24.123+0000] {manager.py:740} INFO - There are 0 files in /opt/airflow/dags
[2024-10-20T20:38:24.692+0000] {manager.py:737} INFO - Searching for files in /opt/airflow/dags
[2024-10-20T20:38:24.707+0000] {manager.py:740} INFO - There are 0 files in /opt/airflow/dags
[2024-10-20T20:43:25.417+0000] {manager.py:737} INFO - Searching for files in /opt/airflow/dags
[2024-10-20T20:43:25.431+0000] {manager.py:740} INFO - There are 0 files in /opt/airflow/dags
[2024-10-20T20:48:26.387+0000] {manager.py:737} INFO - Searching for files in /opt/airflow/dags
[2024-10-20T20:48:26.426+0000] {manager.py:740} INFO - There are 0 files in /opt/airflow/dags
[2024-10-20T20:53:27.030+0000] {manager.py:737} INFO - Searching for files in /opt/airflow/dags
[2024-10-20T20:53:27.060+0000] {manager.py:740} INFO - There are 0 files in /opt/airflow/dags
[2024-10-20T20:58:27.731+0000] {manager.py:737} INFO - Searching for files in /opt/airflow/dags
[2024-10-20T20:58:27.746+0000] {manager.py:740} INFO - There are 0 files in /opt/airflow/dags
[2024-10-20T21:03:28.313+0000] {manager.py:737} INFO - Searching for files in /opt/airflow/dags
[2024-10-20T21:03:28.356+0000] {manager.py:740} INFO - There are 0 files in /opt/airflow/dags
[2024-10-20T21:08:28.852+0000] {manager.py:737} INFO - Searching for files in /opt/airflow/dags
[2024-10-20T21:08:28.892+0000] {manager.py:740} INFO - There are 0 files in /opt/airflow/dags
[2024-10-20T21:13:29.711+0000] {manager.py:737} INFO - Searching for files in /opt/airflow/dags
[2024-10-20T21:13:29.743+0000] {manager.py:740} INFO - There are 0 files in /opt/airflow/dags
[2024-10-20T21:13:35.021+0000] {manager.py:452} INFO - Exiting gracefully upon receiving signal 15
[2024-10-20T21:13:48.222+0000] {manager.py:470} INFO - Processing files using up to 2 processes at a time 
[2024-10-20T21:13:48.223+0000] {manager.py:471} INFO - Process each file at most once every 30 seconds
[2024-10-20T21:13:48.225+0000] {manager.py:472} INFO - Checking for new files in /opt/airflow/dags every 300 seconds
[2024-10-20T21:13:48.229+0000] {manager.py:737} INFO - Searching for files in /opt/airflow/dags
[2024-10-20T21:13:48.241+0000] {manager.py:740} INFO - There are 0 files in /opt/airflow/dags
[2024-10-20T21:18:49.139+0000] {manager.py:737} INFO - Searching for files in /opt/airflow/dags
[2024-10-20T21:18:49.165+0000] {manager.py:740} INFO - There are 0 files in /opt/airflow/dags
[2024-10-20T21:23:49.410+0000] {manager.py:737} INFO - Searching for files in /opt/airflow/dags
[2024-10-20T21:23:49.470+0000] {manager.py:740} INFO - There are 0 files in /opt/airflow/dags
[2024-10-20T21:28:49.996+0000] {manager.py:737} INFO - Searching for files in /opt/airflow/dags
[2024-10-20T21:28:50.029+0000] {manager.py:740} INFO - There are 0 files in /opt/airflow/dags
[2024-10-20T21:33:50.741+0000] {manager.py:737} INFO - Searching for files in /opt/airflow/dags
[2024-10-20T21:33:50.856+0000] {manager.py:740} INFO - There are 0 files in /opt/airflow/dags
[2024-10-20T21:38:26.357+0000] {manager.py:452} INFO - Exiting gracefully upon receiving signal 15
[2024-10-20T21:39:22.758+0000] {manager.py:470} INFO - Processing files using up to 2 processes at a time 
[2024-10-20T21:39:22.760+0000] {manager.py:471} INFO - Process each file at most once every 30 seconds
[2024-10-20T21:39:22.761+0000] {manager.py:472} INFO - Checking for new files in /opt/airflow/dags every 300 seconds
[2024-10-20T21:39:22.762+0000] {manager.py:737} INFO - Searching for files in /opt/airflow/dags
[2024-10-20T21:39:22.765+0000] {manager.py:740} INFO - There are 0 files in /opt/airflow/dags
[2024-10-20T21:44:23.113+0000] {manager.py:737} INFO - Searching for files in /opt/airflow/dags
[2024-10-20T21:44:23.150+0000] {manager.py:740} INFO - There are 0 files in /opt/airflow/dags
[2024-10-20T21:49:23.664+0000] {manager.py:737} INFO - Searching for files in /opt/airflow/dags
[2024-10-20T21:49:23.681+0000] {manager.py:740} INFO - There are 0 files in /opt/airflow/dags
[2024-10-20T21:54:24.154+0000] {manager.py:737} INFO - Searching for files in /opt/airflow/dags
[2024-10-20T21:54:24.168+0000] {manager.py:740} INFO - There are 0 files in /opt/airflow/dags
[2024-10-20T21:59:24.632+0000] {manager.py:737} INFO - Searching for files in /opt/airflow/dags
[2024-10-20T21:59:24.655+0000] {manager.py:740} INFO - There are 0 files in /opt/airflow/dags
[2024-10-20T22:04:25.507+0000] {manager.py:737} INFO - Searching for files in /opt/airflow/dags
[2024-10-20T22:04:25.522+0000] {manager.py:740} INFO - There are 0 files in /opt/airflow/dags
[2024-10-20T22:09:26.285+0000] {manager.py:737} INFO - Searching for files in /opt/airflow/dags
[2024-10-20T22:09:26.307+0000] {manager.py:740} INFO - There are 0 files in /opt/airflow/dags
[2024-10-20T22:14:26.545+0000] {manager.py:737} INFO - Searching for files in /opt/airflow/dags
[2024-10-20T22:14:26.593+0000] {manager.py:740} INFO - There are 0 files in /opt/airflow/dags
[2024-10-20T22:19:26.847+0000] {manager.py:737} INFO - Searching for files in /opt/airflow/dags
[2024-10-20T22:19:26.865+0000] {manager.py:740} INFO - There are 0 files in /opt/airflow/dags
[2024-10-20T22:24:27.648+0000] {manager.py:737} INFO - Searching for files in /opt/airflow/dags
[2024-10-20T22:24:27.675+0000] {manager.py:740} INFO - There are 0 files in /opt/airflow/dags
[2024-10-20T22:29:28.150+0000] {manager.py:737} INFO - Searching for files in /opt/airflow/dags
[2024-10-20T22:29:28.166+0000] {manager.py:740} INFO - There are 0 files in /opt/airflow/dags
[2024-10-20T22:34:28.704+0000] {manager.py:737} INFO - Searching for files in /opt/airflow/dags
[2024-10-20T22:34:28.720+0000] {manager.py:740} INFO - There are 0 files in /opt/airflow/dags
[2024-10-20T22:39:29.604+0000] {manager.py:737} INFO - Searching for files in /opt/airflow/dags
[2024-10-20T22:39:29.628+0000] {manager.py:740} INFO - There are 0 files in /opt/airflow/dags
[2024-10-20T22:44:29.989+0000] {manager.py:737} INFO - Searching for files in /opt/airflow/dags
[2024-10-20T22:44:30.010+0000] {manager.py:740} INFO - There are 0 files in /opt/airflow/dags
[2024-10-20T22:49:30.050+0000] {manager.py:737} INFO - Searching for files in /opt/airflow/dags
[2024-10-20T22:49:30.082+0000] {manager.py:740} INFO - There are 0 files in /opt/airflow/dags
[2024-10-20T22:54:30.231+0000] {manager.py:737} INFO - Searching for files in /opt/airflow/dags
[2024-10-20T22:54:30.250+0000] {manager.py:740} INFO - There are 0 files in /opt/airflow/dags
[2024-10-20T23:10:54.793+0000] {manager.py:737} INFO - Searching for files in /opt/airflow/dags
[2024-10-20T23:10:54.805+0000] {manager.py:740} INFO - There are 0 files in /opt/airflow/dags
[2024-10-20T23:45:54.374+0000] {manager.py:737} INFO - Searching for files in /opt/airflow/dags
[2024-10-20T23:45:54.384+0000] {manager.py:740} INFO - There are 0 files in /opt/airflow/dags
[2024-10-21T00:20:13.885+0000] {manager.py:737} INFO - Searching for files in /opt/airflow/dags
[2024-10-21T00:20:13.894+0000] {manager.py:740} INFO - There are 0 files in /opt/airflow/dags
[2024-10-21T01:11:54.208+0000] {manager.py:737} INFO - Searching for files in /opt/airflow/dags
[2024-10-21T01:11:54.225+0000] {manager.py:740} INFO - There are 0 files in /opt/airflow/dags
[2024-10-21T01:30:03.110+0000] {manager.py:737} INFO - Searching for files in /opt/airflow/dags
[2024-10-21T01:30:03.118+0000] {manager.py:740} INFO - There are 0 files in /opt/airflow/dags
[2024-10-21T02:30:47.096+0000] {manager.py:737} INFO - Searching for files in /opt/airflow/dags
[2024-10-21T02:30:47.109+0000] {manager.py:740} INFO - There are 0 files in /opt/airflow/dags
[2024-10-21T02:47:24.776+0000] {manager.py:737} INFO - Searching for files in /opt/airflow/dags
[2024-10-21T02:47:24.789+0000] {manager.py:740} INFO - There are 0 files in /opt/airflow/dags
[2024-10-21T03:40:45.200+0000] {manager.py:737} INFO - Searching for files in /opt/airflow/dags
[2024-10-21T03:40:45.209+0000] {manager.py:740} INFO - There are 0 files in /opt/airflow/dags
[2024-10-21T03:56:50.611+0000] {manager.py:737} INFO - Searching for files in /opt/airflow/dags
[2024-10-21T03:56:50.641+0000] {manager.py:740} INFO - There are 0 files in /opt/airflow/dags
[2024-10-21T04:01:51.431+0000] {manager.py:737} INFO - Searching for files in /opt/airflow/dags
[2024-10-21T04:01:51.455+0000] {manager.py:740} INFO - There are 0 files in /opt/airflow/dags
[2024-10-21T04:06:52.126+0000] {manager.py:737} INFO - Searching for files in /opt/airflow/dags
[2024-10-21T04:06:52.150+0000] {manager.py:740} INFO - There are 0 files in /opt/airflow/dags
[2024-10-21T04:11:52.876+0000] {manager.py:737} INFO - Searching for files in /opt/airflow/dags
[2024-10-21T04:11:52.893+0000] {manager.py:740} INFO - There are 0 files in /opt/airflow/dags
[2024-10-21T04:13:46.684+0000] {manager.py:452} INFO - Exiting gracefully upon receiving signal 15
[2024-10-21T04:15:32.135+0000] {manager.py:470} INFO - Processing files using up to 2 processes at a time 
[2024-10-21T04:15:32.146+0000] {manager.py:471} INFO - Process each file at most once every 30 seconds
[2024-10-21T04:15:32.148+0000] {manager.py:472} INFO - Checking for new files in /opt/airflow/dags every 300 seconds
[2024-10-21T04:15:32.150+0000] {manager.py:737} INFO - Searching for files in /opt/airflow/dags
[2024-10-21T04:15:32.156+0000] {manager.py:740} INFO - There are 0 files in /opt/airflow/dags
[2024-10-21T04:20:32.408+0000] {manager.py:737} INFO - Searching for files in /opt/airflow/dags
[2024-10-21T04:20:32.425+0000] {manager.py:740} INFO - There are 0 files in /opt/airflow/dags
[2024-10-21T04:25:32.966+0000] {manager.py:737} INFO - Searching for files in /opt/airflow/dags
[2024-10-21T04:25:32.980+0000] {manager.py:740} INFO - There are 0 files in /opt/airflow/dags
[2024-10-21T04:30:33.350+0000] {manager.py:737} INFO - Searching for files in /opt/airflow/dags
[2024-10-21T04:30:33.374+0000] {manager.py:740} INFO - There are 0 files in /opt/airflow/dags
[2024-10-21T04:35:33.397+0000] {manager.py:737} INFO - Searching for files in /opt/airflow/dags
[2024-10-21T04:35:33.457+0000] {manager.py:740} INFO - There are 0 files in /opt/airflow/dags
[2024-10-21T04:40:34.048+0000] {manager.py:737} INFO - Searching for files in /opt/airflow/dags
[2024-10-21T04:40:34.090+0000] {manager.py:740} INFO - There are 0 files in /opt/airflow/dags
[2024-10-21T04:45:34.259+0000] {manager.py:737} INFO - Searching for files in /opt/airflow/dags
[2024-10-21T04:45:34.316+0000] {manager.py:740} INFO - There are 0 files in /opt/airflow/dags
